0 info it worked if it ends with ok
1 verbose cli [ 'I:\\nodejs\\\\node.exe',
1 verbose cli   'I:\\nodejs\\node_modules\\npm\\bin\\npm-cli.js',
1 verbose cli   'install' ]
2 info using npm@1.4.28
3 info using node@v0.10.35
4 verbose node symlink I:\nodejs\\node.exe
5 verbose readDependencies using package.json deps
6 verbose install where, deps [ 'I:\\git\\node\\others', [ 'mongodb' ] ]
7 info preinstall mongodb@0.0.0
8 verbose readDependencies using package.json deps
9 verbose cache add [ 'mongodb@~2.2.1', null ]
10 verbose cache add name=undefined spec="mongodb@~2.2.1" args=["mongodb@~2.2.1",null]
11 verbose parsed url { protocol: null,
11 verbose parsed url   slashes: null,
11 verbose parsed url   auth: null,
11 verbose parsed url   host: null,
11 verbose parsed url   port: null,
11 verbose parsed url   hostname: null,
11 verbose parsed url   hash: null,
11 verbose parsed url   search: null,
11 verbose parsed url   query: null,
11 verbose parsed url   pathname: 'mongodb@~2.2.1',
11 verbose parsed url   path: 'mongodb@~2.2.1',
11 verbose parsed url   href: 'mongodb@~2.2.1' }
12 verbose cache add name="mongodb" spec="~2.2.1" args=["mongodb","~2.2.1"]
13 verbose parsed url { protocol: null,
13 verbose parsed url   slashes: null,
13 verbose parsed url   auth: null,
13 verbose parsed url   host: null,
13 verbose parsed url   port: null,
13 verbose parsed url   hostname: null,
13 verbose parsed url   hash: null,
13 verbose parsed url   search: null,
13 verbose parsed url   query: null,
13 verbose parsed url   pathname: '~2.2.1',
13 verbose parsed url   path: '~2.2.1',
13 verbose parsed url   href: '~2.2.1' }
14 verbose addNamed [ 'mongodb', '~2.2.1' ]
15 verbose addNamed [ null, '>=2.2.1-0 <2.3.0-0' ]
16 silly lockFile 261f5c7b-mongodb-2-2-1 mongodb@~2.2.1
17 verbose lock mongodb@~2.2.1 C:\Users\文超\AppData\Roaming\npm-cache\261f5c7b-mongodb-2-2-1.lock
18 silly addNameRange { name: 'mongodb', range: '>=2.2.1-0 <2.3.0-0', hasData: false }
19 verbose request where is /mongodb
20 verbose request registry https://registry.npmjs.org/
21 verbose request id 25dacf1948055c0f
22 verbose url raw /mongodb
23 verbose url resolving [ 'https://registry.npmjs.org/', './mongodb' ]
24 verbose url resolved https://registry.npmjs.org/mongodb
25 verbose request where is https://registry.npmjs.org/mongodb
26 info trying registry request attempt 1 at 15:55:08
27 verbose etag "8ZPPQ31F6NG7IOFJ21GG8RDXW"
28 http GET https://registry.npmjs.org/mongodb
29 http 304 https://registry.npmjs.org/mongodb
30 silly registry.get cb [ 304,
30 silly registry.get   { date: 'Thu, 18 Jun 2015 07:54:51 GMT',
30 silly registry.get     via: '1.1 varnish',
30 silly registry.get     'cache-control': 'max-age=60',
30 silly registry.get     etag: '"8ZPPQ31F6NG7IOFJ21GG8RDXW"',
30 silly registry.get     age: '51',
30 silly registry.get     connection: 'keep-alive',
30 silly registry.get     'x-served-by': 'cache-lax1427-LAX',
30 silly registry.get     'x-cache': 'HIT',
30 silly registry.get     'x-cache-hits': '2',
30 silly registry.get     'x-timer': 'S1434614091.192955,VS0,VE0',
30 silly registry.get     vary: 'Accept' } ]
31 verbose etag https://registry.npmjs.org/mongodb from cache
32 silly addNameRange number 2 { name: 'mongodb', range: '>=2.2.1-0 <2.3.0-0', hasData: true }
33 silly addNameRange versions [ 'mongodb',
33 silly addNameRange   [ '0.9.4',
33 silly addNameRange     '0.9.4-4',
33 silly addNameRange     '0.9.3',
33 silly addNameRange     '0.9.1',
33 silly addNameRange     '0.9.2',
33 silly addNameRange     '0.9.6-7',
33 silly addNameRange     '0.9.6-8',
33 silly addNameRange     '0.9.6-9',
33 silly addNameRange     '0.9.6-10',
33 silly addNameRange     '0.9.6-11',
33 silly addNameRange     '0.9.6-12',
33 silly addNameRange     '0.9.6-13',
33 silly addNameRange     '0.9.6-14',
33 silly addNameRange     '0.9.6-15',
33 silly addNameRange     '0.9.6-16',
33 silly addNameRange     '0.9.6-17',
33 silly addNameRange     '0.9.6-18',
33 silly addNameRange     '0.9.6-19',
33 silly addNameRange     '0.9.6-20',
33 silly addNameRange     '0.9.6-21',
33 silly addNameRange     '0.9.6-22',
33 silly addNameRange     '0.9.6-23',
33 silly addNameRange     '0.9.7',
33 silly addNameRange     '0.9.7-0',
33 silly addNameRange     '0.9.7-1',
33 silly addNameRange     '0.9.7-1.1',
33 silly addNameRange     '0.9.7-1.2',
33 silly addNameRange     '0.9.7-1.3',
33 silly addNameRange     '0.9.7-1.4',
33 silly addNameRange     '0.9.7-2',
33 silly addNameRange     '0.9.7-2-1',
33 silly addNameRange     '0.9.7-2-2',
33 silly addNameRange     '0.9.7-2-3',
33 silly addNameRange     '0.9.7-2-4',
33 silly addNameRange     '0.9.7-2-5',
33 silly addNameRange     '0.9.7-3',
33 silly addNameRange     '0.9.7-3-1',
33 silly addNameRange     '0.9.7-3-2',
33 silly addNameRange     '0.9.7-3-3',
33 silly addNameRange     '0.9.7-3-4',
33 silly addNameRange     '0.9.7-3-5',
33 silly addNameRange     '0.9.8',
33 silly addNameRange     '0.9.8-1',
33 silly addNameRange     '0.9.8-2',
33 silly addNameRange     '0.9.8-3',
33 silly addNameRange     '0.9.8-4',
33 silly addNameRange     '0.9.8-5',
33 silly addNameRange     '0.9.8-6',
33 silly addNameRange     '0.9.8-7',
33 silly addNameRange     '0.9.9',
33 silly addNameRange     '0.9.9-1',
33 silly addNameRange     '0.9.9-2',
33 silly addNameRange     '0.9.9-3',
33 silly addNameRange     '0.9.9-4',
33 silly addNameRange     '0.9.9-5',
33 silly addNameRange     '0.9.9-6',
33 silly addNameRange     '0.9.9-7',
33 silly addNameRange     '0.9.9-8',
33 silly addNameRange     '1.0.0',
33 silly addNameRange     '1.0.1',
33 silly addNameRange     '1.0.2',
33 silly addNameRange     '1.1.0-beta',
33 silly addNameRange     '1.1.0',
33 silly addNameRange     '1.1.1',
33 silly addNameRange     '1.1.2',
33 silly addNameRange     '1.1.3',
33 silly addNameRange     '1.1.4',
33 silly addNameRange     '1.1.5',
33 silly addNameRange     '1.1.6',
33 silly addNameRange     '1.1.7',
33 silly addNameRange     '1.1.8',
33 silly addNameRange     '1.1.9',
33 silly addNameRange     '1.1.10',
33 silly addNameRange     '1.1.11',
33 silly addNameRange     '1.2.0',
33 silly addNameRange     '1.2.1',
33 silly addNameRange     '1.2.2',
33 silly addNameRange     '1.2.3',
33 silly addNameRange     '1.2.4',
33 silly addNameRange     '1.2.5',
33 silly addNameRange     '1.2.6',
33 silly addNameRange     '1.2.7',
33 silly addNameRange     '1.2.8',
33 silly addNameRange     '1.2.9',
33 silly addNameRange     '1.2.10',
33 silly addNameRange     '1.2.11',
33 silly addNameRange     '1.2.12',
33 silly addNameRange     '1.2.13',
33 silly addNameRange     '1.2.14',
33 silly addNameRange     '1.3.0',
33 silly addNameRange     '1.3.1',
33 silly addNameRange     '1.3.2',
33 silly addNameRange     '1.3.3',
33 silly addNameRange     '1.3.4',
33 silly addNameRange     '1.3.5',
33 silly addNameRange     '1.3.6',
33 silly addNameRange     '1.3.7',
33 silly addNameRange     '1.3.8',
33 silly addNameRange     '1.3.9',
33 silly addNameRange     '1.3.10',
33 silly addNameRange     '1.3.11',
33 silly addNameRange     '1.3.12',
33 silly addNameRange     '1.3.14',
33 silly addNameRange     '1.3.15',
33 silly addNameRange     '1.3.17',
33 silly addNameRange     '1.3.18',
33 silly addNameRange     '1.3.19',
33 silly addNameRange     '1.4.0-rc2',
33 silly addNameRange     '1.3.20',
33 silly addNameRange     '1.4.0-rc3',
33 silly addNameRange     '1.3.21',
33 silly addNameRange     '1.3.22',
33 silly addNameRange     '1.3.23',
33 silly addNameRange     '1.4.0-rc4',
33 silly addNameRange     '1.4.0-rc5',
33 silly addNameRange     '1.4.0-rc6',
33 silly addNameRange     '1.4.0-rc7',
33 silly addNameRange     '1.4.0-rc8',
33 silly addNameRange     '1.4.0-rc9',
33 silly addNameRange     '1.4.0-rc10',
33 silly addNameRange     '1.4.0',
33 silly addNameRange     '1.4.1',
33 silly addNameRange     '1.4.2',
33 silly addNameRange     '1.4.3',
33 silly addNameRange     '1.4.4',
33 silly addNameRange     '1.4.5',
33 silly addNameRange     '1.4.6',
33 silly addNameRange     '1.4.7',
33 silly addNameRange     '1.4.8',
33 silly addNameRange     '1.4.9',
33 silly addNameRange     '1.4.10',
33 silly addNameRange     '2.0.0-alpha1',
33 silly addNameRange     '1.4.11',
33 silly addNameRange     '1.4.12',
33 silly addNameRange     '1.4.14',
33 silly addNameRange     '1.4.15',
33 silly addNameRange     '1.4.16',
33 silly addNameRange     '1.4.17',
33 silly addNameRange     '2.0.0-alpha2',
33 silly addNameRange     '1.4.18',
33 silly addNameRange     '2.0.0',
33 silly addNameRange     '2.0.1',
33 silly addNameRange     '2.0.2',
33 silly addNameRange     '1.4.19',
33 silly addNameRange     '2.0.3',
33 silly addNameRange     '2.0.4',
33 silly addNameRange     '2.0.5',
33 silly addNameRange     '2.0.6',
33 silly addNameRange     '1.4.20',
33 silly addNameRange     '1.4.22',
33 silly addNameRange     '2.0.7',
33 silly addNameRange     '2.0.8',
33 silly addNameRange     '2.0.9',
33 silly addNameRange     '1.4.23',
33 silly addNameRange     '2.0.10',
33 silly addNameRange     '1.4.24',
33 silly addNameRange     '2.0.11',
33 silly addNameRange     '1.4.25',
33 silly addNameRange     '2.0.12',
33 silly addNameRange     '1.4.26',
33 silly addNameRange     '1.4.27',
33 silly addNameRange     '1.4.28',
33 silly addNameRange     '2.0.13',
33 silly addNameRange     '2.0.14',
33 silly addNameRange     '1.4.29',
33 silly addNameRange     '2.0.15',
33 silly addNameRange     '1.4.30',
33 silly addNameRange     '2.0.16',
33 silly addNameRange     '1.4.31',
33 silly addNameRange     '2.0.17',
33 silly addNameRange     '1.4.32',
33 silly addNameRange     '2.0.18',
33 silly addNameRange     '2.0.19',
33 silly addNameRange     '1.4.33',
33 silly addNameRange     '2.0.20',
33 silly addNameRange     '2.0.21',
33 silly addNameRange     '1.4.34',
33 silly addNameRange     '2.0.22',
33 silly addNameRange     '2.0.23',
33 silly addNameRange     '1.4.35',
33 silly addNameRange     '2.0.24',
33 silly addNameRange     '2.0.25',
33 silly addNameRange     '2.0.26',
33 silly addNameRange     '2.0.27',
33 silly addNameRange     '2.0.28',
33 silly addNameRange     '2.0.29',
33 silly addNameRange     '1.4.36',
33 silly addNameRange     '2.0.30',
33 silly addNameRange     '1.4.37',
33 silly addNameRange     '2.0.31',
33 silly addNameRange     '1.4.38',
33 silly addNameRange     '2.0.32',
33 silly addNameRange     '2.0.33',
33 silly addNameRange     '2.1.0-alpha',
33 silly addNameRange     '2.0.34' ] ]
34 silly lockFile 261f5c7b-mongodb-2-2-1 mongodb@~2.2.1
35 silly lockFile 261f5c7b-mongodb-2-2-1 mongodb@~2.2.1
36 error notarget No compatible version found: mongodb@'>=2.2.1-0 <2.3.0-0'
36 error notarget Valid install targets:
36 error notarget ["0.9.4","0.9.4-4","0.9.3","0.9.1","0.9.2","0.9.6-7","0.9.6-8","0.9.6-9","0.9.6-10","0.9.6-11","0.9.6-12","0.9.6-13","0.9.6-14","0.9.6-15","0.9.6-16","0.9.6-17","0.9.6-18","0.9.6-19","0.9.6-20","0.9.6-21","0.9.6-22","0.9.6-23","0.9.7","0.9.7-0","0.9.7-1","0.9.7-1.1","0.9.7-1.2","0.9.7-1.3","0.9.7-1.4","0.9.7-2","0.9.7-2-1","0.9.7-2-2","0.9.7-2-3","0.9.7-2-4","0.9.7-2-5","0.9.7-3","0.9.7-3-1","0.9.7-3-2","0.9.7-3-3","0.9.7-3-4","0.9.7-3-5","0.9.8","0.9.8-1","0.9.8-2","0.9.8-3","0.9.8-4","0.9.8-5","0.9.8-6","0.9.8-7","0.9.9","0.9.9-1","0.9.9-2","0.9.9-3","0.9.9-4","0.9.9-5","0.9.9-6","0.9.9-7","0.9.9-8","1.0.0","1.0.1","1.0.2","1.1.0-beta","1.1.0","1.1.1","1.1.2","1.1.3","1.1.4","1.1.5","1.1.6","1.1.7","1.1.8","1.1.9","1.1.10","1.1.11","1.2.0","1.2.1","1.2.2","1.2.3","1.2.4","1.2.5","1.2.6","1.2.7","1.2.8","1.2.9","1.2.10","1.2.11","1.2.12","1.2.13","1.2.14","1.3.0","1.3.1","1.3.2","1.3.3","1.3.4","1.3.5","1.3.6","1.3.7","1.3.8","1.3.9","1.3.10","1.3.11","1.3.12","1.3.14","1.3.15","1.3.17","1.3.18","1.3.19","1.4.0-rc2","1.3.20","1.4.0-rc3","1.3.21","1.3.22","1.3.23","1.4.0-rc4","1.4.0-rc5","1.4.0-rc6","1.4.0-rc7","1.4.0-rc8","1.4.0-rc9","1.4.0-rc10","1.4.0","1.4.1","1.4.2","1.4.3","1.4.4","1.4.5","1.4.6","1.4.7","1.4.8","1.4.9","1.4.10","2.0.0-alpha1","1.4.11","1.4.12","1.4.14","1.4.15","1.4.16","1.4.17","2.0.0-alpha2","1.4.18","2.0.0","2.0.1","2.0.2","1.4.19","2.0.3","2.0.4","2.0.5","2.0.6","1.4.20","1.4.22","2.0.7","2.0.8","2.0.9","1.4.23","2.0.10","1.4.24","2.0.11","1.4.25","2.0.12","1.4.26","1.4.27","1.4.28","2.0.13","2.0.14","1.4.29","2.0.15","1.4.30","2.0.16","1.4.31","2.0.17","1.4.32","2.0.18","2.0.19","1.4.33","2.0.20","2.0.21","1.4.34","2.0.22","2.0.23","1.4.35","2.0.24","2.0.25","2.0.26","2.0.27","2.0.28","2.0.29","1.4.36","2.0.30","1.4.37","2.0.31","1.4.38","2.0.32","2.0.33","2.1.0-alpha","2.0.34"]
36 error notarget
36 error notarget This is most likely not a problem with npm itself.
36 error notarget In most cases you or one of your dependencies are requesting
36 error notarget a package version that doesn't exist.
37 error System Windows_NT 6.2.9200
38 error command "I:\\nodejs\\\\node.exe" "I:\\nodejs\\node_modules\\npm\\bin\\npm-cli.js" "install"
39 error cwd I:\git\node\others
40 error node -v v0.10.35
41 error npm -v 1.4.28
42 error code ETARGET
43 verbose exit [ 1, true ]
